[2026-02-19 14:11:45] INFO - {"timestamp": "2026-02-19T14:11:45.803647", "stage": "PROCESS_START", "status": "SUCCESS", "input_id": "test_001_match_report", "details": {"source": "test_suite"}}
[2026-02-19 14:11:50] INFO - {"timestamp": "2026-02-19T14:11:50.255923", "stage": "CLASSIFY", "status": "SUCCESS", "input_id": "test_001_match_report", "details": {"content_type": "match_report", "confidence": 0.98}}
[2026-02-19 14:11:53] ERROR - {"timestamp": "2026-02-19T14:11:53.670199", "stage": "EXTRACT", "status": "FAILURE", "input_id": "test_001_match_report", "details": {"error": "Expecting value: line 1 column 1 (char 0)", "error_type": "JSONDecodeError"}}
[2026-02-19 14:11:53] INFO - {"timestamp": "2026-02-19T14:11:53.670980", "stage": "PROCESS_START", "status": "SUCCESS", "input_id": "test_002_transfer_news", "details": {"source": "test_suite"}}
[2026-02-19 14:11:57] INFO - {"timestamp": "2026-02-19T14:11:57.037186", "stage": "CLASSIFY", "status": "SUCCESS", "input_id": "test_002_transfer_news", "details": {"content_type": "transfer_news", "confidence": 0.98}}
[2026-02-19 14:11:59] ERROR - {"timestamp": "2026-02-19T14:11:59.766559", "stage": "EXTRACT", "status": "FAILURE", "input_id": "test_002_transfer_news", "details": {"error": "Expecting value: line 1 column 1 (char 0)", "error_type": "JSONDecodeError"}}
[2026-02-19 14:11:59] INFO - {"timestamp": "2026-02-19T14:11:59.766881", "stage": "PROCESS_START", "status": "SUCCESS", "input_id": "test_003_injury_update", "details": {"source": "test_suite"}}
[2026-02-19 14:12:03] INFO - {"timestamp": "2026-02-19T14:12:03.418895", "stage": "CLASSIFY", "status": "SUCCESS", "input_id": "test_003_injury_update", "details": {"content_type": "injury_update", "confidence": 0.98}}
[2026-02-19 14:12:05] ERROR - {"timestamp": "2026-02-19T14:12:05.497793", "stage": "EXTRACT", "status": "FAILURE", "input_id": "test_003_injury_update", "details": {"error": "Expecting value: line 1 column 1 (char 0)", "error_type": "JSONDecodeError"}}
[2026-02-19 14:12:05] INFO - {"timestamp": "2026-02-19T14:12:05.498588", "stage": "PROCESS_START", "status": "SUCCESS", "input_id": "test_004_opinion_piece", "details": {"source": "test_suite"}}
[2026-02-19 14:12:12] INFO - {"timestamp": "2026-02-19T14:12:12.531435", "stage": "CLASSIFY", "status": "SUCCESS", "input_id": "test_004_opinion_piece", "details": {"content_type": "opinion_piece", "confidence": 0.95}}
[2026-02-19 14:12:17] ERROR - {"timestamp": "2026-02-19T14:12:17.362332", "stage": "EXTRACT", "status": "FAILURE", "input_id": "test_004_opinion_piece", "details": {"error": "Expecting value: line 1 column 1 (char 0)", "error_type": "JSONDecodeError"}}
[2026-02-19 14:12:17] INFO - {"timestamp": "2026-02-19T14:12:17.363150", "stage": "PROCESS_START", "status": "SUCCESS", "input_id": "test_005_edge_case", "details": {"source": "test_suite"}}
[2026-02-19 14:12:21] INFO - {"timestamp": "2026-02-19T14:12:21.231935", "stage": "CLASSIFY", "status": "SUCCESS", "input_id": "test_005_edge_case", "details": {"content_type": "other", "confidence": 0.85}}
[2026-02-19 14:12:23] ERROR - {"timestamp": "2026-02-19T14:12:23.833060", "stage": "EXTRACT", "status": "FAILURE", "input_id": "test_005_edge_case", "details": {"error": "Expecting value: line 1 column 1 (char 0)", "error_type": "JSONDecodeError"}}
[2026-02-19 14:24:56] INFO - {"timestamp": "2026-02-19T14:24:56.513465", "stage": "EXTRACT", "status": "SUCCESS", "input_id": "debug_test", "details": {"teams_found": 2, "players_found": 3, "competition": null}}
[2026-02-19 14:25:45] INFO - {"timestamp": "2026-02-19T14:25:45.758781", "stage": "PROCESS_START", "status": "SUCCESS", "input_id": "test_001_match_report", "details": {"source": "test_suite"}}
[2026-02-19 14:25:49] INFO - {"timestamp": "2026-02-19T14:25:49.480070", "stage": "CLASSIFY", "status": "SUCCESS", "input_id": "test_001_match_report", "details": {"content_type": "match_report", "confidence": 0.98}}
[2026-02-19 14:25:52] INFO - {"timestamp": "2026-02-19T14:25:52.557813", "stage": "EXTRACT", "status": "SUCCESS", "input_id": "test_001_match_report", "details": {"teams_found": 2, "players_found": 3, "competition": "Premier League"}}
[2026-02-19 14:25:54] INFO - {"timestamp": "2026-02-19T14:25:54.971366", "stage": "GENERATE", "status": "SUCCESS", "input_id": "test_001_match_report", "details": {"headline_count": 3}}
[2026-02-19 14:25:54] INFO - {"timestamp": "2026-02-19T14:25:54.973283", "stage": "ROUTE", "status": "SUCCESS", "input_id": "test_001_match_report", "details": {"destination": "match_reports", "output_file": "outputs/match_reports/test_001_match_report_20260219_142554.json"}}
[2026-02-19 14:25:54] INFO - {"timestamp": "2026-02-19T14:25:54.973916", "stage": "PROCESS_COMPLETE", "status": "SUCCESS", "input_id": "test_001_match_report", "details": {"output_path": "outputs/match_reports/test_001_match_report_20260219_142554.json"}}
[2026-02-19 14:25:54] INFO - {"timestamp": "2026-02-19T14:25:54.974496", "stage": "PROCESS_START", "status": "SUCCESS", "input_id": "test_002_transfer_news", "details": {"source": "test_suite"}}
[2026-02-19 14:25:58] INFO - {"timestamp": "2026-02-19T14:25:58.712266", "stage": "CLASSIFY", "status": "SUCCESS", "input_id": "test_002_transfer_news", "details": {"content_type": "transfer_news", "confidence": 0.98}}
[2026-02-19 14:26:01] INFO - {"timestamp": "2026-02-19T14:26:01.015990", "stage": "EXTRACT", "status": "SUCCESS", "input_id": "test_002_transfer_news", "details": {"teams_found": 2, "players_found": 2, "competition": null}}
[2026-02-19 14:26:05] INFO - {"timestamp": "2026-02-19T14:26:05.025428", "stage": "GENERATE", "status": "SUCCESS", "input_id": "test_002_transfer_news", "details": {"headline_count": 3}}
[2026-02-19 14:26:05] INFO - {"timestamp": "2026-02-19T14:26:05.026059", "stage": "ROUTE", "status": "SUCCESS", "input_id": "test_002_transfer_news", "details": {"destination": "transfer_news", "output_file": "outputs/transfer_news/test_002_transfer_news_20260219_142605.json"}}
[2026-02-19 14:26:05] INFO - {"timestamp": "2026-02-19T14:26:05.026214", "stage": "PROCESS_COMPLETE", "status": "SUCCESS", "input_id": "test_002_transfer_news", "details": {"output_path": "outputs/transfer_news/test_002_transfer_news_20260219_142605.json"}}
[2026-02-19 14:26:05] INFO - {"timestamp": "2026-02-19T14:26:05.026343", "stage": "PROCESS_START", "status": "SUCCESS", "input_id": "test_003_injury_update", "details": {"source": "test_suite"}}
[2026-02-19 14:26:08] INFO - {"timestamp": "2026-02-19T14:26:08.593033", "stage": "CLASSIFY", "status": "SUCCESS", "input_id": "test_003_injury_update", "details": {"content_type": "injury_update", "confidence": 0.98}}
[2026-02-19 14:26:11] INFO - {"timestamp": "2026-02-19T14:26:11.872721", "stage": "EXTRACT", "status": "SUCCESS", "input_id": "test_003_injury_update", "details": {"teams_found": 1, "players_found": 1, "competition": "Premier League"}}
[2026-02-19 14:26:14] INFO - {"timestamp": "2026-02-19T14:26:14.888448", "stage": "GENERATE", "status": "SUCCESS", "input_id": "test_003_injury_update", "details": {"headline_count": 3}}
[2026-02-19 14:26:14] INFO - {"timestamp": "2026-02-19T14:26:14.890522", "stage": "ROUTE", "status": "SUCCESS", "input_id": "test_003_injury_update", "details": {"destination": "injury_updates", "output_file": "outputs/injury_updates/test_003_injury_update_20260219_142614.json"}}
[2026-02-19 14:26:14] INFO - {"timestamp": "2026-02-19T14:26:14.891117", "stage": "PROCESS_COMPLETE", "status": "SUCCESS", "input_id": "test_003_injury_update", "details": {"output_path": "outputs/injury_updates/test_003_injury_update_20260219_142614.json"}}
[2026-02-19 14:26:14] INFO - {"timestamp": "2026-02-19T14:26:14.891796", "stage": "PROCESS_START", "status": "SUCCESS", "input_id": "test_004_opinion_piece", "details": {"source": "test_suite"}}
[2026-02-19 14:26:18] INFO - {"timestamp": "2026-02-19T14:26:18.231521", "stage": "CLASSIFY", "status": "SUCCESS", "input_id": "test_004_opinion_piece", "details": {"content_type": "opinion_piece", "confidence": 0.98}}
[2026-02-19 14:26:23] INFO - {"timestamp": "2026-02-19T14:26:23.060583", "stage": "EXTRACT", "status": "SUCCESS", "input_id": "test_004_opinion_piece", "details": {"teams_found": 3, "players_found": 2, "competition": "NBA"}}
[2026-02-19 14:26:26] INFO - {"timestamp": "2026-02-19T14:26:26.240962", "stage": "GENERATE", "status": "SUCCESS", "input_id": "test_004_opinion_piece", "details": {"headline_count": 3}}
[2026-02-19 14:26:26] INFO - {"timestamp": "2026-02-19T14:26:26.241751", "stage": "ROUTE", "status": "SUCCESS", "input_id": "test_004_opinion_piece", "details": {"destination": "opinion_pieces", "output_file": "outputs/opinion_pieces/test_004_opinion_piece_20260219_142626.json"}}
[2026-02-19 14:26:26] INFO - {"timestamp": "2026-02-19T14:26:26.242225", "stage": "PROCESS_COMPLETE", "status": "SUCCESS", "input_id": "test_004_opinion_piece", "details": {"output_path": "outputs/opinion_pieces/test_004_opinion_piece_20260219_142626.json"}}
[2026-02-19 14:26:26] INFO - {"timestamp": "2026-02-19T14:26:26.243317", "stage": "PROCESS_START", "status": "SUCCESS", "input_id": "test_005_edge_case", "details": {"source": "test_suite"}}
[2026-02-19 14:26:29] INFO - {"timestamp": "2026-02-19T14:26:29.943976", "stage": "CLASSIFY", "status": "SUCCESS", "input_id": "test_005_edge_case", "details": {"content_type": "other", "confidence": 0.85}}
[2026-02-19 14:26:32] INFO - {"timestamp": "2026-02-19T14:26:32.402030", "stage": "EXTRACT", "status": "SUCCESS", "input_id": "test_005_edge_case", "details": {"teams_found": 1, "players_found": 2, "competition": null}}
[2026-02-19 14:26:36] INFO - {"timestamp": "2026-02-19T14:26:36.085295", "stage": "GENERATE", "status": "SUCCESS", "input_id": "test_005_edge_case", "details": {"headline_count": 3}}
[2026-02-19 14:26:36] INFO - {"timestamp": "2026-02-19T14:26:36.087200", "stage": "ROUTE", "status": "SUCCESS", "input_id": "test_005_edge_case", "details": {"destination": "other", "output_file": "outputs/other/test_005_edge_case_20260219_142636.json"}}
[2026-02-19 14:26:36] INFO - {"timestamp": "2026-02-19T14:26:36.087875", "stage": "PROCESS_COMPLETE", "status": "SUCCESS", "input_id": "test_005_edge_case", "details": {"output_path": "outputs/other/test_005_edge_case_20260219_142636.json"}}
